160
4 28 2 4 9 
4 35 30 37 39 
4 93 42 43 49 
4 97 51 53 57 
4 190 58 62 63 
4 196 67 68 74 
4 197 75 77 82 
4 252 83 84 85 
4 286 87 88 94 
4 333 96 98 102 
4 369 103 110 118 
4 420 122 125 126 
4 423 127 130 131 
4 441 133 134 135 
4 12 161 137 140 
4 33 222 142 143 
4 47 183 145 146 
4 165 223 150 157 
4 300 224 167 168 
4 326 206 169 171 
4 482 178 173 176 
4 1 112 179 184 
4 14 359 191 194 
4 21 160 202 205 
4 256 32 209 211 
4 279 36 215 216 
4 299 56 220 227 
4 306 69 228 229 
4 315 144 232 238 
4 322 241 270 239 
4 330 295 243 246 
4 421 46 248 250 
4 454 468 253 255 
4 7 107 272 257 
4 17 225 260 262 
4 86 353 265 275 
4 154 16 366 281 
4 189 40 331 287 
4 212 124 313 290 
4 334 101 321 291 
4 352 490 293 296 
4 358 26 357 297 
4 414 226 327 303 
4 492 162 305 308 
4 11 123 317 309 
4 64 89 318 312 
4 72 71 316 314 
4 73 192 340 323 
4 120 219 335 338 
4 141 292 342 343 
4 156 231 344 346 
4 158 6 355 349 
4 170 177 354 368 
4 182 147 370 374 
4 213 117 380 381 
4 266 105 402 382 
4 301 472 386 383 
4 319 180 393 389 
4 337 407 404 398 
4 410 328 418 406 
3 443 240 408 
3 462 392 465 
3 484 23 470 
3 495 175 413 
3 0 10 428 
3 38 20 415 
3 48 214 259 
3 52 221 416 
3 108 159 198 
3 111 486 417 
3 113 5 478 
3 155 166 426 
3 210 439 435 
3 234 230 152 
3 261 405 440 
3 264 65 254 
3 298 199 496 
3 310 394 456 
3 329 24 164 
3 350 360 471 
3 371 218 267 
3 376 452 436 
3 434 203 185 
3 448 362 487 
3 451 99 483 
3 463 258 466 
3 475 294 41 
3 15 419 136 
3 19 193 76 
3 34 324 491 
3 60 433 79 
3 61 8 95 
3 181 356 25 
3 187 149 80 
3 208 236 54 
3 249 18 45 
3 271 31 397 
3 273 188 29 
3 277 396 106 
3 288 385 186 
3 311 412 27 
3 320 3 92 
3 367 201 59 
3 387 13 449 
3 409 139 104 
3 430 455 217 
3 445 163 44 
3 473 498 469 
3 499 302 395 
3 55 276 50 
3 90 91 364 
3 121 235 268 
3 242 345 78 
3 263 422 109 
3 278 283 100 
3 336 424 474 
3 348 384 81 
3 351 400 115 
3 375 429 200 
3 388 427 116 
2 391 467 
2 399 114 
2 403 442 
2 431 128 
2 437 459 
2 438 138 
2 444 66 
2 447 153 
2 497 148 
2 22 204 
2 70 129 
2 119 195 
2 132 207 
2 151 172 
2 174 237 
2 233 245 
2 244 247 
2 251 274 
2 269 280 
2 282 284 
2 285 289 
2 304 325 
2 307 332 
2 339 347 
2 341 361 
2 363 365 
2 372 373 
2 377 378 
2 379 401 
2 390 411 
2 425 457 
2 432 453 
2 446 476 
2 450 460 
2 461 458 
2 494 477 
2 464 481 
2 479 485 
2 480 488 
2 489 493 
