1628
4 5357 5913 398 2456 
4 5121 6584 3629 2994 
4 8148 8785 2584 4631 
4 6404 421 3987 8197 
4 2589 5583 2094 6582 
4 6255 9906 9487 2905 
4 7710 7529 7569 6639 
4 1737 5231 7444 6312 
4 4386 6735 7064 5416 
4 5796 1756 8189 998 
4 8754 2395 2489 2155 
4 6655 8873 7923 3015 
4 2861 59 5363 9247 
4 7704 5905 8437 2752 
4 5515 6632 7168 5295 
4 9612 8603 6459 9529 
4 7262 8452 9004 2117 
4 7796 9354 1561 453 
4 8407 8733 1248 7290 
4 820 9213 9620 604 
4 1729 6476 8479 1556 
4 7549 3904 847 4233 
4 4848 6839 4004 3499 
4 5886 7108 4644 3302 
4 1524 5744 6668 3825 
4 4449 2687 3273 7936 
4 4318 4574 2345 7540 
4 9483 1385 9131 9765 
4 4100 4041 4147 7101 
4 6823 1423 4090 8854 
4 3626 1287 9818 4702 
4 2545 5427 9618 8320 
4 9383 5251 370 7208 
4 3697 973 7792 4916 
4 1396 7100 6640 8284 
4 2061 8004 2843 2922 
4 4863 948 2096 5616 
4 3135 3505 5918 6107 
4 2222 2331 5592 2935 
4 1492 4036 7950 7939 
4 5570 8119 3942 3176 
4 44 3715 752 4473 
4 461 4695 8777 3765 
4 8775 9813 8287 3295 
4 2932 1677 5052 2728 
4 8591 3420 9888 9019 
4 674 8384 2598 8636 
4 5090 4194 9959 3149 
4 666 4106 7525 1101 
4 6762 7819 5083 3457 
4 1081 5526 8911 9267 
4 1114 6196 8585 132 
4 6756 8641 1388 3678 
4 5001 7368 9894 1004 
4 8689 5791 7863 7896 
4 864 8240 3024 839 
4 5989 2246 9256 2499 
4 683 684 2819 8553 
4 6613 7577 876 7515 
4 5211 8392 2459 4670 
4 9128 8991 7834 2727 
4 7369 6240 5651 4430 
4 936 2968 2212 3272 
4 3484 2723 4788 1210 
4 962 2196 4406 714 
4 8814 854 3656 1115 
4 8837 6677 7259 7945 
4 110 1491 4961 992 
4 371 9614 9965 4637 
4 281 63 2064 5713 
4 4808 6495 2475 9690 
4 5602 5042 2008 1013 
4 2548 1707 8152 6381 
4 5048 1071 8058 1671 
4 6170 4685 1146 7136 
4 7198 5945 1734 7937 
4 4405 3647 7135 9433 
4 1233 9986 2228 1433 
4 2124 6782 2141 3072 
4 4579 3795 8465 49 
4 384 7927 6702 1830 
4 7104 2070 3463 7543 
4 9295 2080 9305 4185 
4 5101 4957 1341 859 
4 5773 336 5982 4940 
4 2115 7757 3047 9568 
4 1164 443 4925 7359 
4 1214 7313 1322 7202 
4 5046 7961 4886 4619 
4 7201 4917 8063 4657 
4 2558 82 818 3142 
4 5214 4509 3792 4964 
4 7409 6176 3309 3526 
4 8639 7595 1955 4135 
4 5653 976 887 3844 
4 7825 4983 2274 8485 
4 9307 8338 1851 7231 
4 8612 1203 8608 5006 
4 5772 7516 7648 6611 
4 3607 3293 1988 2544 
4 3940 6252 7326 3566 
4 4874 3437 636 6168 
4 3096 1742 1812 1450 
4 2964 1353 9795 4320 
4 3896 3042 3542 1621 
4 3228 9527 5219 2060 
4 4322 5625 1568 1934 
4 5310 8322 2259 2481 
4 7305 6935 9129 1094 
4 4240 4102 2749 8250 
4 71 9235 8116 2759 
4 6550 7145 9539 4475 
4 8745 5383 1713 9946 
4 7551 7 47 2036 
4 9866 3357 2686 7447 
4 4141 954 7715 2293 
4 4131 4112 4655 3889 
4 7579 9 3686 3672 
4 594 1050 2736 532 
4 3114 766 2962 8644 
4 8851 4402 2045 3106 
4 9552 7088 9966 3781 
4 4167 5494 5873 8736 
4 4235 8187 8767 8193 
4 5652 8387 8601 3775 
4 7583 7308 62 8332 
4 4074 1895 3155 9151 
4 4561 9525 6913 3632 
4 8803 9263 4374 8079 
4 727 3196 7851 8997 
4 723 5777 3112 9302 
4 4847 2726 9119 9340 
4 7083 850 2814 9320 
4 6129 9747 5931 446 
4 6957 7032 9576 8375 
4 9532 2982 6882 4044 
4 9917 213 3648 6558 
4 7196 1946 8478 6147 
4 3519 2340 4058 6467 
4 8010 5163 9106 18 
4 9196 3337 7725 3170 
4 1591 8397 3689 1418 
4 6547 2652 9713 2313 
4 9063 5686 4150 2308 
4 1724 5904 6571 5136 
4 4076 2342 676 4995 
4 6178 3840 4490 5081 
4 5172 2323 6927 5096 
4 4638 5729 7862 706 
4 4912 1763 7464 4480 
4 2642 3257 2628 5359 
4 586 7451 8259 7008 
4 2085 3376 4390 7385 
4 120 201 5156 9275 
4 3757 9559 3708 4550 
4 8626 2795 7703 9123 
4 9344 3913 6038 8849 
4 6534 2870 328 2300 
4 7494 3126 8138 9514 
4 2828 778 8101 7545 
4 4139 2862 7445 8267 
4 7643 774 8506 7212 
4 6567 9542 3583 5665 
4 7148 403 5540 1552 
4 7814 9605 11 7673 
4 3593 6537 6777 2023 
4 8186 7166 4837 8509 
4 4244 2213 3451 4959 
4 6134 1839 333 177 
4 3475 8616 6123 5793 
4 58 2920 7267 2267 
4 7079 8233 5324 5622 
4 8865 1383 2123 8242 
4 5366 8115 2944 4902 
4 7316 6050 3869 8721 
4 9900 7756 4151 7050 
4 1711 9243 3253 2817 
4 5609 8286 780 6477 
4 6171 5845 9942 7522 
4 9528 5854 8167 2535 
4 3842 7944 9873 8026 
4 1160 5919 9784 2718 
4 2305 9289 9374 8367 
4 1049 4690 8348 717 
4 1936 4284 373 8094 
4 2160 2243 245 3950 
4 654 6359 9921 5835 
4 1136 6580 522 4551 
4 8430 7726 1787 5962 
4 1509 1845 9778 5149 
4 2985 8697 7026 4965 
4 687 7922 2282 257 
4 7953 5600 6994 9154 
4 8036 7466 1231 745 
4 6300 8563 6060 9856 
4 1767 3745 3083 1200 
4 4498 6842 1372 3899 
4 5209 9722 9511 2203 
4 3618 3379 9649 9732 
4 6481 3485 8839 1998 
4 65 6602 8346 2536 
4 1427 4352 1817 8047 
4 2674 9366 9283 1505 
4 6985 4516 4259 2612 
4 6989 2619 3229 8923 
4 8701 6329 5544 9779 
4 463 3002 251 1359 
4 7700 4137 6638 4357 
4 593 9691 2095 3356 
4 7920 8834 8199 6769 
4 9111 7671 1001 4293 
4 1096 2572 1085 3137 
4 1996 2571 3089 8449 
4 2941 7209 6313 3830 
4 1357 2647 1344 6914 
4 8253 2364 1340 4161 
4 9252 3368 6297 6363 
4 1336 103 4351 5891 
4 4951 9751 9968 321 
4 2009 6316 7330 9325 
4 2802 67 2351 4711 
4 4582 214 8477 8607 
4 9443 4884 7415 2245 
4 565 2112 7057 1717 
4 709 6188 1510 7153 
4 1861 8811 8200 750 
4 6426 7629 6410 1714 
4 5909 6666 9426 9974 
4 3443 4557 3750 1202 
4 7119 7981 8751 9843 
4 9365 171 6415 9572 
4 6 7489 332 1965 
4 645 9585 8866 9962 
4 9124 8658 188 4331 
4 1976 3496 2162 1740 
4 5492 5239 8003 4477 
4 8614 4727 5518 4861 
4 1701 8529 7095 8040 
4 4134 9546 9566 767 
4 7911 9629 1564 4696 
4 8947 7699 6956 9626 
4 9806 3308 96 9930 
4 60 8990 5593 296 
4 3062 877 2776 5330 
4 3214 7647 1743 773 
4 1820 5028 3223 5244 
4 2957 7344 9363 7613 
4 4867 7210 407 2043 
4 8163 1800 8659 4572 
4 8501 4222 9550 4038 
4 8835 4717 8651 1364 
4 1975 7391 6738 3473 
4 5236 2509 5991 2912 
4 5733 1351 5970 6342 
4 7934 7439 5683 5332 
4 8779 8168 9545 8056 
4 4977 1249 1883 9166 
4 924 7436 7250 6483 
4 2575 9569 4617 6309 
4 3730 7677 1429 5728 
4 8431 1522 8940 9952 
4 3120 9341 8915 2055 
4 5529 5758 4474 4870 
4 791 5131 6226 3167 
4 1747 8470 3978 85 
4 9419 6377 8702 464 
4 3579 8487 5808 6662 
4 4415 1061 8677 4960 
4 5488 3306 1523 197 
4 7972 9250 1476 1810 
4 8579 3087 3944 902 
4 2265 6616 7824 797 
4 2573 4524 995 8625 
4 3655 6627 5155 7748 
4 5074 9797 6192 4883 
4 6042 55 2809 9755 
4 8418 1673 7524 3834 
4 9271 9048 278 4200 
4 9397 8132 7412 5864 
4 301 6419 3870 3845 
4 6273 4600 9507 3557 
4 264 1508 6742 7978 
4 631 2486 3037 7255 
4 2952 9871 3673 8548 
4 5720 4043 875 1224 
4 6144 4367 3271 283 
4 385 432 8183 3022 
4 1178 1912 1636 4649 
4 1889 5375 1073 8964 
4 9853 7567 4469 9695 
4 2089 836 1261 6747 
4 5553 3905 7880 8874 
4 6336 4079 5610 6058 
4 7155 3997 8683 8670 
4 730 5308 5803 6981 
4 1948 8707 263 4668 
4 1228 1587 6384 9908 
4 3791 8671 1483 4527 
4 9718 3857 2000 3728 
4 9689 6578 4706 9359 
4 2353 8172 4439 6498 
4 3001 7443 6757 6028 
4 6198 3 6110 3877 
4 9265 3367 1720 5250 
4 9746 1140 5170 8204 
4 5476 1821 6656 8692 
4 7253 8750 4871 3107 
4 6010 1853 3248 3518 
4 7302 4532 8453 3028 
4 9078 3278 7118 559 
4 8297 2927 6965 1526 
4 884 7319 9161 5007 
4 915 6012 1708 3511 
4 1040 6320 1378 9464 
4 4179 5203 7618 9350 
4 4607 4307 8929 2627 
4 5207 8932 7617 4731 
4 6146 3561 1037 1542 
4 7103 5278 4786 7696 
4 8442 8722 634 2600 
4 513 7861 2877 2125 
4 3885 2585 4292 738 
4 5849 3362 7296 5649 
4 3508 5823 846 4555 
4 1253 7678 3375 5441 
4 4565 3736 7558 6157 
4 6370 9880 6396 3853 
4 7603 8466 8637 7215 
4 1681 7041 8895 8293 
4 5174 1154 5548 688 
4 5197 4521 7363 1122 
4 6444 1484 1601 5941 
4 1117 6577 9014 1152 
4 1684 8328 4093 6731 
4 1923 4975 6367 7178 
4 2939 2488 8247 529 
4 5785 7759 8363 2566 
4 137 9961 8516 5875 
4 1116 2592 7463 2106 
4 2937 844 5462 5547 
4 5902 8956 1571 8653 
4 7536 2798 172 4170 
4 8524 9197 1712 8606 
4 9599 916 9769 6451 
4 520 9597 3892 174 
4 4361 7130 10 525 
4 7870 6752 5574 6231 
4 6296 970 139 9719 
4 7823 5503 211 2185 
4 1833 3516 5705 7346 
4 3055 5341 3769 6266 
4 3544 6389 923 1487 
4 5839 1726 628 1963 
4 9849 2221 4230 8617 
4 17 56 4946 3808 
4 1361 3969 9135 9799 
4 6220 2007 5056 2732 
4 6605 1765 9895 1648 
4 8527 2368 9471 556 
4 9425 9168 5579 8650 
4 9907 5446 3104 7238 
4 5378 9984 2649 7218 
4 5998 3050 7740 7839 
4 6938 1570 5627 8434 
4 760 451 8714 7318 
4 145 3746 297 5824 
4 4604 117 1234 1589 
4 6715 1430 5151 9741 
4 4663 6856 9580 2484 
4 5563 2165 2716 6526 
4 8931 5017 7152 3258 
4 9092 2295 87 2590 
4 208 3134 9390 5118 
4 5271 1827 8059 3540 
4 6583 8833 3092 6350 
4 912 926 656 5879 
4 1197 2766 7624 8673 
4 5325 9594 6540 7475 
4 6205 5899 4650 2804 
4 6364 8081 9450 3895 
4 7778 4990 9214 164 
4 2407 6149 1632 6102 
4 6133 6721 480 9490 
4 7149 5948 6531 4627 
4 8239 4491 4126 28 
4 9121 1735 3932 7777 
4 7518 3674 6680 3828 
4 9182 3608 1884 642 
4 5013 1866 1015 8258 
4 8161 1010 1847 5981 
4 6052 900 2848 3691 
4 7499 2309 178 8198 
4 8044 7954 3480 7610 
4 8824 9776 4997 6036 
4 9246 6623 1311 2516 
4 2879 8609 9286 2836 
4 7692 1620 5487 9976 
4 2127 7278 6193 7764 
4 2555 6703 2811 6741 
4 7204 6645 6215 9864 
4 7983 3276 7151 1874 
4 1825 9588 4859 3527 
4 3029 2697 8305 4857 
4 7752 3677 5513 4573 
4 289 3239 2872 1642 
4 597 6152 5517 1393 
4 1876 9382 589 3692 
4 3973 9407 6984 142 
4 9414 4671 1464 2190 
4 206 1877 1159 4410 
4 1943 6256 2457 1888 
4 931 7888 2538 7413 
4 1856 7375 1819 8537 
4 8652 6443 2428 4716 
4 9852 4792 9637 6306 
4 590 4054 7662 2783 
4 1056 5094 6685 9730 
4 2226 53 8134 7406 
4 5815 4865 9238 7003 
4 8578 3891 7884 4814 
4 9499 7875 9748 2490 
4 4522 3132 4496 253 
4 9276 124 5559 307 
4 834 5794 1445 2565 
4 1129 1260 2254 6827 
4 1205 4703 9165 4611 
4 2999 9241 8035 290 
4 5058 6053 7105 4771 
4 5061 4774 8684 9523 
4 6111 6628 3802 7734 
4 151 6932 4055 9602 
4 1994 6155 236 7841 
4 6206 8967 1562 898 
4 8468 1718 9714 1584 
4 4933 1282 6228 3654 
4 8342 540 2241 1533 
4 2705 7993 9376 7594 
4 3573 7659 4661 5710 
4 4725 5371 3906 3980 
4 7542 4592 4506 8241 
4 2091 4875 1440 9896 
4 7512 2854 1704 6778 
4 9675 4692 3924 5671 
4 4442 5644 7733 8648 
4 5418 1837 3558 9468 
4 9326 5044 7090 362 
4 3297 8907 3498 7310 
4 4091 4926 4773 9761 
4 4636 3912 8423 489 
4 6651 1595 9016 6676 
4 7219 8032 2765 1406 
4 7361 9530 6800 5086 
4 2020 3839 3760 7785 
4 4989 4066 8861 534 
4 6849 9922 960 9220 
4 7286 33 2320 6794 
4 648 2006 737 1339 
4 735 2400 5178 4904 
4 4363 8123 4375 6557 
4 4381 5530 7382 5205 
4 5235 7074 8376 3188 
4 2887 5389 1332 1090 
4 3945 358 5035 6976 
4 4187 5474 5020 8715 
4 6326 5916 2461 8176 
4 7526 2081 9368 6834 
4 1023 9650 6380 7037 
4 3531 8019 3422 9726 
4 3553 4559 4202 7426 
4 4656 7683 1723 404 
4 6365 2806 9453 3882 
4 6733 8597 3617 7534 
4 1598 1422 4907 3983 
4 3567 6289 7374 7013 
4 4064 4089 5869 8238 
4 6366 622 2462 7592 
4 1467 7356 7768 32 
4 6673 9561 1822 3595 
4 8333 4011 4823 8823 
4 4412 9988 6436 210 
4 5355 6528 6514 4766 
4 7432 2375 1471 7249 
4 147 4879 5255 7990 
4 5336 2907 8432 1930 
4 5898 2398 9631 1179 
4 6076 8894 4495 6857 
4 6988 3145 3704 2260 
4 7914 1609 8043 2343 
4 9456 146 9802 8632 
4 9848 2401 8898 8889 
4 689 4720 2389 5901 
4 6361 7419 9192 6784 
4 909 5551 3718 7480 
4 3323 7530 947 5467 
4 4478 4639 6340 6649 
4 5457 5489 9879 7943 
4 6490 2381 5461 6160 
4 7821 6585 5856 9703 
4 8938 4953 5756 8908 
4 5633 8845 396 1886 
4 7818 3153 835 3121 
4 8153 7230 1952 7220 
4 9043 3582 8299 9221 
4 1021 4452 6016 9072 
4 2874 6208 9684 45 
4 3244 8150 39 1256 
4 9361 8746 3559 7770 
4 1529 5865 6466 2191 
4 3914 2129 7010 8263 
4 7175 7596 0 4708 
4 150 8679 5164 4887 
4 1512 3299 9091 3011 
4 1922 3075 8519 2278 
4 3352 3966 5920 5584 
4 4026 7956 9734 198 
4 4057 8425 9573 4016 
4 5776 635 2707 5085 
4 6870 5724 6243 9173 
4 7917 3371 5277 7809 
4 8954 8325 6724 9978 
4 5380 711 3991 5522 
4 6202 9549 4124 313 
4 9122 3339 5531 4992 
4 9143 9971 2167 1047 
4 9222 1507 2134 8876 
4 3749 8712 4704 849 
4 3985 7116 9606 2875 
4 4467 512 1100 5763 
4 5832 5896 9096 678 
4 7454 804 3428 7424 
4 9429 5615 170 6705 
4 359 5556 9996 8517 
4 7966 6184 6553 3811 
4 8682 3322 1908 3020 
4 9062 3136 2924 8027 
4 9667 1382 3681 6903 
4 3129 6700 7984 3127 
4 3564 6811 3724 2495 
4 7689 5908 6873 4335 
4 9183 8276 471 9891 
4 9828 3694 5947 6275 
4 149 1761 6681 2024 
4 1347 6421 5496 7221 
4 2277 6248 1199 4456 
4 4640 2467 6446 8696 
4 9868 4208 8143 2983 
4 300 3641 9752 6492 
4 2148 7876 2672 9328 
4 6574 5047 6017 3203 
4 7186 6522 6015 6596 
4 7731 6203 8711 6659 
4 7970 8196 7964 3818 
4 4465 611 7425 9836 
4 4514 6637 8133 1174 
4 5451 5939 4659 8160 
4 5566 1044 8202 4511 
4 6264 8264 2198 6121 
4 8562 1157 3412 8752 
4 9459 9299 355 4206 
4 4949 5166 608 6719 
4 5954 2367 8454 6280 
4 5657 5721 5813 3226 
4 6726 3563 97 9767 
4 6942 7386 1400 541 
4 7975 1181 562 5368 
4 9583 4340 4943 9198 
4 9987 6022 8413 4286 
4 1569 5240 3004 2337 
4 4215 6648 7384 4790 
4 5040 8801 919 8137 
4 5860 5836 9721 6112 
4 9068 3031 4092 7995 
4 9210 1593 2702 4052 
4 433 1106 1668 8222 
4 708 7521 3926 4858 
4 1411 5173 1012 9009 
4 5362 6351 5751 8828 
4 5449 968 4359 465 
4 7727 9633 234 3809 
4 9038 2062 955 5536 
4 3517 1616 6713 8863 
4 7509 1381 2296 6960 
4 514 8864 7877 3330 
4 825 6478 131 2437 
4 1840 7500 8031 3311 
3 2506 2601 5157 
3 3894 204 1062 
3 4419 2025 7633 
3 6246 8667 2159 
3 8210 1535 4188 
3 7555 8006 5245 
3 9486 3105 8336 
3 889 5730 9920 
3 1751 5198 3956 
3 1768 4228 9995 
3 2120 7751 2632 
3 4958 8810 70 
3 8139 530 2762 
3 1409 240 6565 
3 2329 8977 7397 
3 2954 9418 2772 
3 3596 9028 620 
3 4742 5872 9446 
3 6051 430 8180 
3 6864 2033 9600 
3 9935 1843 3370 
3 1321 6263 1330 
3 2578 5606 8919 
3 3235 270 136 
3 3657 7729 9086 
3 3972 8215 3344 
3 4801 6576 3939 
3 9269 500 1036 
3 431 2746 9187 
3 456 7924 9716 
3 1640 978 3590 
3 4000 6964 1475 
3 5082 9519 6302 
3 7614 4534 2949 
3 8089 439 9431 
3 9768 2661 2786 
3 372 2604 2193 
3 1750 5986 9656 
3 1939 8401 2694 
3 4046 6008 9584 
3 5208 9201 7471 
3 6097 9332 1694 
3 6698 6161 2596 
3 9699 885 4798 
3 673 4301 8815 
3 1259 4221 9036 
3 1744 4796 2074 
3 1980 6003 24 
3 2072 8822 8383 
3 2977 8447 7407 
3 5191 1796 4635 
3 6761 2514 3212 
3 6890 6835 37 
3 7170 2713 6137 
3 7663 1961 7387 
3 9538 1519 2595 
3 2102 1649 1755 
3 4942 956 1538 
3 5482 183 9035 
3 6824 8252 1546 
3 6844 4238 4596 
3 7457 1279 9855 
3 7991 9398 9047 
3 9944 7895 4783 
3 1318 4104 6353 
3 2399 2207 2149 
3 3280 6809 8859 
3 6352 6197 7800 
3 8326 4777 5994 
3 8435 3060 3951 
3 8568 86 3543 
3 9413 5752 392 
3 3793 9083 3789 
3 4387 5666 4358 
3 4502 5732 7812 
3 6450 9075 8314 
3 6463 458 4434 
3 6887 2881 3364 
3 7674 3822 221 
3 7881 2891 6127 
3 8037 1983 6972 
3 457 4839 9564 
3 2297 4248 7724 
3 2953 7320 462 
3 7461 7554 4504 
3 7586 602 3052 
3 487 8900 9094 
3 756 4595 335 
3 4400 6959 3347 
3 5168 7357 8093 
3 5897 7362 7850 
3 6963 2210 1371 
3 7410 2608 6915 
3 2144 3141 8426 
3 2903 8766 6332 
3 4116 7206 1009 
3 4399 2837 7694 
3 5024 6311 1220 
3 6471 4339 8438 
3 7094 1536 9215 
3 8353 3875 4069 
3 8930 9114 3887 
3 9137 2610 6506 
3 801 1161 5181 
3 2028 9578 4689 
3 2741 8486 2950 
3 2785 9838 5066 
3 2956 40 6328 
3 3021 2859 6175 
3 1678 5233 8028 
3 1688 2892 7959 
3 3651 6818 613 
3 4994 802 511 
3 5628 4982 4097 
3 6448 2469 739 
3 6925 4877 9659 
3 7078 725 9709 
3 7602 842 639 
3 7889 2059 840 
3 31 152 229 
3 168 6148 8663 
3 1453 502 7632 
3 2412 2683 9993 
3 4736 8737 7132 
3 6232 9820 2388 
3 1426 2307 7557 
3 1778 6229 9678 
3 2685 2101 6034 
3 4291 5106 393 
3 4688 5125 7742 
3 6944 9394 6473 
3 7859 78 4099 
3 8543 325 644 
3 9651 615 1807 
3 343 3841 726 
3 402 3012 4488 
3 1959 8022 3743 
3 2169 3318 7395 
3 4549 5128 20 
3 5817 8576 4567 
3 6699 5882 1165 
3 6725 9595 8950 
3 7960 9540 1043 
3 9015 7971 9227 
3 9223 5959 8804 
3 1869 5631 848 
3 4787 9489 1080 
3 5558 953 6315 
3 5719 34 2215 
3 68 4031 6746 
3 793 5676 1377 
3 5190 7803 7314 
3 5422 3679 640 
3 7423 8643 6005 
3 8256 8903 1167 
3 1979 3123 4826 
3 2242 1892 7666 
3 2472 7631 414 
3 3555 3903 5443 
3 4855 9957 3396 
3 4880 579 7826 
3 6952 8097 3515 
3 7532 413 4246 
3 7697 13 7176 
3 7994 305 5212 
3 252 467 4811 
3 1270 2002 193 
3 3698 4969 153 
3 4723 2304 1586 
3 5731 5850 9280 
3 5881 6225 9475 
3 6452 6357 740 
3 7430 7581 3509 
3 9887 76 4173 
3 9892 1590 6479 
3 477 4298 16 
3 860 1502 2137 
3 2164 8398 3761 
3 2669 7496 5146 
3 4047 6922 5863 
3 5951 5950 6674 
3 8571 9274 395 
3 8629 57 6046 
3 346 6291 1286 
3 2929 4750 7713 
3 3621 293 3246 
3 3665 4078 6740 
3 4267 649 8498 
3 4451 6563 83 
3 6095 6189 3233 
3 1369 1549 2358 
3 1953 2232 3146 
3 2019 2432 2799 
3 2527 4245 4279 
3 2629 3581 7951 
3 2898 4155 8986 
3 4554 4679 1416 
3 4922 5161 9524 
3 5829 7036 949 
3 7906 8206 9830 
3 8212 1276 3449 
3 9337 4249 554 
3 937 3902 9313 
3 4662 5346 1194 
3 5026 868 1504 
3 6104 568 9105 
3 6210 7024 4176 
3 6544 1084 2824 
3 7252 7804 3748 
3 7565 8456 8821 
3 9065 3261 444 
3 1650 4314 2442 
3 2531 2634 9526 
3 2533 3838 7236 
3 2751 2529 6270 
3 3161 4030 6244 
3 3482 7194 3930 
3 3504 5895 7653 
3 4311 9157 4856 
3 4747 23 5200 
3 9234 2668 1032 
3 1516 4537 9333 
3 1793 7813 4767 
3 3263 3773 1527 
3 3431 7743 1031 
3 3806 5714 3332 
3 4653 6630 1532 
3 5387 8675 1118 
3 7197 1250 9680 
3 8229 9543 1986 
3 9294 2047 4328 
3 982 4501 1296 
3 1514 2303 3316 
3 3174 3911 5237 
3 4398 5401 8277 
3 5672 6664 7018 
3 6258 7963 9496 
3 6294 8440 5199 
3 7490 9458 2671 
3 8965 1201 4841 
3 9488 9692 5175 
3 9635 675 8642 
3 9810 4892 7559 
3 1452 1891 4623 
3 4001 6245 2143 
3 4578 8201 5373 
3 4914 7150 1058 
3 6612 2264 3880 
3 6828 9958 858 
3 6920 2422 8179 
3 8355 2712 3125 
3 8952 499 6693 
3 9551 1027 8289 
3 1606 6822 8727 
3 1618 3513 8654 
3 3824 4935 4144 
3 4713 5834 5043 
3 5059 6430 1898 
3 5980 8729 4898 
3 6494 6510 4164 
3 6569 3407 7622 
3 6744 225 459 
3 6852 3747 5641 
3 6962 3099 8918 
3 9085 9260 115 
3 9251 365 9022 
3 9711 4447 8981 
3 4605 9002 9858 
3 4775 8067 123 
3 5769 30 6130 
3 6093 8177 2946 
3 7761 2328 7237 
3 9149 3147 8593 
3 3570 5400 9181 
3 4095 4407 8567 
3 5097 7828 2335 
3 6604 7418 4562 
3 7957 8235 576 
3 8808 3274 9073 
3 8897 1806 6846 
3 9272 185 6600 
3 9655 6118 9985 
3 1951 2402 8108 
3 3547 7600 4156 
3 7849 9611 3355 
3 8382 9624 6323 
3 94 1669 2220 
3 1110 1132 6993 
3 1865 2235 6590 
3 1978 4482 7868 
3 2570 6126 5077 
3 4558 5471 6766 
3 5098 5831 3078 
3 6002 6727 9771 
3 6398 8756 2205 
3 6851 7190 2911 
3 7048 4325 4546 
3 7721 1639 2046 
3 8472 4840 3587 
3 8978 4197 5442 
3 2240 2466 5944 
3 4694 6472 7616 
3 6078 6090 7315 
3 6669 7127 1288 
3 6899 7085 8129 
3 7247 7665 5505 
3 7273 896 9613 
3 7899 9927 9859 
3 8340 8806 473 
3 8388 8753 8372 
3 8393 2333 2591 
3 1754 3615 3883 
3 1835 5812 1271 
3 2582 6711 7329 
3 4489 4804 2216 
3 5019 6223 8572 
3 5041 6304 143 
3 6524 7634 899 
3 7693 1848 6774 
3 7805 160 516 
3 8734 1266 5621 
3 9338 7460 8640 
3 9745 4564 22 
3 1774 1192 6560 
3 2105 2294 3878 
3 3506 5323 3324 
3 101 1137 3265 
3 419 1313 7815 
3 1212 1849 4308 
3 2234 2549 2730 
3 3664 5800 6356 
3 3884 5189 6697 
3 4172 5460 9013 
3 5140 6990 8573 
3 5613 9003 2417 
3 5702 6739 2754 
3 6671 9877 3281 
3 7275 1086 5276 
3 9603 9948 1653 
3 2136 4746 8996 
3 2199 417 5134 
3 2237 6803 7686 
3 3038 4312 8994 
3 3439 753 2453 
3 3933 7123 2781 
3 7121 8021 9134 
3 7491 2793 8773 
3 558 1699 5268 
3 906 2390 5171 
3 3097 3402 9029 
3 3578 6064 9679 
3 3849 5397 3782 
3 4217 7931 550 
3 4255 1656 6831 
3 6063 1127 1170 
3 6581 796 1480 
3 9261 1488 5426 
3 9744 5523 3131 
3 381 4136 4918 
3 1461 3873 6636 
3 2016 2268 5598 
3 2289 6023 8411 
3 2852 6595 7510 
3 4196 5903 159 
3 4394 4599 8716 
3 4818 9194 1172 
3 5234 9844 2621 
3 6035 6414 8316 
3 8084 219 2406 
3 9008 2444 8049 
3 9230 472 3491 
3 828 6520 8166 
3 1093 2775 3817 
3 1624 1783 3888 
3 2951 4613 6529 
3 3381 4678 845 
3 4630 6132 9759 
3 5246 5253 6261 
3 6096 7117 7786 
3 7233 8759 1814 
3 7400 217 1627 
3 8464 9901 1985 
3 8789 8793 279 
3 133 1404 2731 
3 893 1665 3300 
3 1867 2334 3334 
3 2068 3783 4094 
3 3262 3965 4910 
3 3442 6373 1836 
3 5736 6432 7903 
3 5770 6227 8633 
3 6517 6953 2065 
3 7309 7684 1221 
3 7788 8618 2750 
3 8539 610 3312 
3 8987 1208 2281 
3 218 1781 2987 
3 1801 2554 3584 
3 2711 3401 4479 
3 3721 4088 4932 
3 3744 4193 5577 
3 4487 5313 401 
3 5391 5398 1904 
3 5586 5917 3539 
3 5966 6180 669 
3 5972 7501 2722 
3 7925 7969 9534 
3 8165 9502 4894 
3 9535 1646 3927 
3 9575 990 1899 
3 651 5104 7980 
3 1184 3445 545 
3 3862 5064 7898 
3 5132 7388 1716 
3 5370 3076 3411 
3 6417 6586 1292 
3 6812 2326 3929 
3 7110 7675 9660 
3 7371 9200 2376 
3 8665 1638 7065 
3 89 3085 8694 
3 934 2184 3216 
3 2464 2947 4538 
3 3124 4529 249 
3 3947 4981 7672 
3 4428 5594 1299 
3 4544 5599 771 
3 5481 8638 3017 
3 7289 9882 1935 
3 7502 7695 292 
3 9754 9770 144 
3 9846 163 1928 
3 9941 977 3521 
3 757 1130 6405 
3 827 1683 5345 
3 2087 2173 2560 
3 3424 3807 6259 
3 4628 6770 8584 
3 4669 5511 7043 
3 7664 7902 8525 
3 7907 207 930 
3 8015 9156 304 
3 8268 9209 2567 
3 8842 1120 2835 
3 8934 1870 4833 
3 9356 2480 6805 
3 894 1138 2463 
3 1469 2022 2057 
3 2050 6973 7096 
3 2990 3115 4163 
3 3580 5122 7608 
3 6068 6409 6958 
3 6307 6497 4553 
3 7177 8732 241 
3 7744 316 7553 
3 9089 9140 4882 
3 9670 1331 5429 
3 157 691 6331 
3 199 1209 356 
3 288 4842 7962 
3 618 3941 8709 
3 2011 5804 7134 
3 3313 3610 4646 
3 4149 7223 7274 
3 7014 8776 2179 
3 8273 643 6425 
3 8853 9860 2564 
3 9785 865 4337 
3 287 2227 1277 
3 728 3178 4948 
3 3186 3541 5514 
3 3353 6897 7640 
3 3893 5725 1841 
3 4392 5192 7878 
3 6301 6541 1227 
3 7163 7544 8886 
3 7216 7642 9225 
3 8068 8409 1574 
3 8298 9179 2288 
3 8502 9152 819 
3 9491 108 616 
3 862 1652 4468 
3 1958 1971 2418 
3 2805 3006 4226 
3 3753 4355 5182 
3 4714 5206 5254 
3 4789 5060 5329 
3 5550 6513 7019 
3 5578 5663 6213 
3 5718 7229 9647 
3 6387 6904 9367 
3 7298 7546 1495 
3 7795 8870 1809 
3 8534 8645 867 
3 9100 9863 2163 
3 9406 733 3425 
3 9710 425 4143 
3 186 2563 4508 
3 784 3536 4634 
3 2239 4598 5658 
3 2841 5741 5848 
3 3438 3798 5424 
3 5534 5612 9553 
3 5825 6087 7948 
3 5952 7087 800 
3 6629 6796 8310 
3 6814 8941 9172 
3 8141 9232 9329 
3 8740 769 1376 
3 9617 9870 5510 
3 9885 348 1479 
3 226 1563 1700 
3 347 378 2577 
3 1615 1661 2318 
3 2201 2435 3209 
3 2344 4693 4791 
3 2689 3712 6620 
3 3208 5573 6484 
3 3812 5611 8564 
3 5771 9423 9590 
3 5958 9582 7365 
3 7091 7349 789 
3 7556 128 1099 
3 9158 383 719 
3 9570 1403 2152 
3 189 3917 4726 
3 1685 4518 4986 
3 4290 4906 6253 
3 4403 6748 9314 
3 6125 7434 7441 
3 7333 7799 8103 
3 8309 8321 441 
3 8771 9346 415 
3 9555 9876 633 
3 9862 958 1949 
3 349 1196 4709 
3 1131 1235 1788 
3 1494 3213 5294 
3 1909 2451 2586 
2 2012 4211 
2 2470 4939 
2 5183 5409 
2 5316 6701 
2 6692 6917 
2 7060 7140 
2 7459 7541 
2 7580 7758 
2 7835 8493 
2 7946 8086 
2 8064 9954 
2 8347 863 
2 9205 703 
2 9819 203 
2 291 361 
2 831 1188 
2 1119 1180 
2 1230 1284 
2 1679 1799 
2 1868 2878 
2 1993 2382 
2 2356 2550 
2 3327 3784 
2 3859 5343 
2 3860 4996 
2 3949 5148 
2 5379 8686 
2 6279 6456 
2 6457 8080 
2 8282 8960 
2 8379 9737 
2 9323 4 
2 280 693 
2 388 405 
2 509 782 
2 935 1335 
2 1105 2384 
2 1323 1611 
2 1732 1818 
2 2035 2483 
2 2498 4621 
2 3247 3821 
2 5410 6843 
2 5694 7507 
2 5779 8406 
2 7479 7669 
2 7807 7965 
2 8412 227 
2 8726 9372 
2 8875 1046 
2 9999 200 
2 258 1111 
2 268 2324 
2 922 1074 
2 1133 2378 
2 1135 2789 
2 2579 3394 
2 3787 4254 
2 4330 4344 
2 4632 4633 
2 4664 4675 
2 4734 4950 
2 5051 5833 
2 5699 6085 
2 6233 7307 
2 6407 8970 
2 7251 318 
2 7753 8784 
2 8410 8985 
2 8955 9102 
2 9663 662 
2 9807 376 
2 811 983 
2 1029 1553 
2 1987 2086 
2 2311 2373 
2 2386 2405 
2 2541 2942 
2 3292 4107 
2 3386 3639 
2 3389 3922 
2 4461 4979 
2 5356 6500 
2 5844 5977 
2 6635 7791 
2 6983 8523 
2 7667 8461 
2 8791 9636 
2 9604 342 
2 9701 9724 
2 9742 173 
2 491 741 
2 794 2030 
2 2410 2508 
2 2676 2715 
2 3199 3385 
2 3827 4425 
2 4371 7322 
2 5005 5177 
2 5327 6158 
2 6371 6434 
2 7092 7399 
2 8164 8602 
2 8374 8491 
2 8731 9162 
2 9148 9186 
2 9533 9557 
2 9632 621 
2 9644 9717 
2 409 872 
2 1534 1918 
2 1992 2883 
2 2825 3008 
2 3756 3819 
2 3866 4220 
2 4273 4369 
2 4810 5413 
2 5187 5266 
2 5885 6242 
2 6254 6420 
2 6647 7627 
2 7340 7820 
2 7706 7992 
2 8136 8872 
2 8725 821 
2 9342 9773 
2 69 917 
2 148 984 
2 195 1206 
2 1045 1329 
2 1063 1415 
2 1439 2934 
2 1554 1705 
2 1897 1969 
2 2747 3225 
2 3267 3799 
2 3794 3935 
2 4323 4978 
2 4435 4651 
2 5073 5210 
2 5399 5643 
2 5957 6678 
2 7069 8857 
2 7228 7636 
2 7712 7832 
2 9282 312 
2 9609 435 
2 9977 483 
2 437 605 
2 508 652 
2 901 1610 
2 1731 2172 
2 2166 2427 
2 2503 3058 
2 2803 2873 
2 2884 3144 
2 3227 3466 
2 3474 4237 
2 3620 4260 
2 4032 4103 
2 4214 4356 
2 4535 5045 
2 4807 5167 
2 5265 5361 
2 5470 7165 
2 5840 5853 
2 5883 6234 
2 5979 6480 
2 6174 6499 
2 7033 7243 
2 7093 7393 
2 7264 7938 
2 7276 7736 
2 7408 8613 
2 7547 9963 
2 8728 8879 
2 8758 194 
2 9159 9327 
2 9362 1654 
2 179 2330 
2 987 2425 
2 1305 2996 
2 2500 3636 
2 4224 5350 
2 4372 4758 
2 4822 4860 
2 5340 5745 
2 5508 6077 
2 6654 6841 
2 6675 6901 
2 7097 7172 
2 7416 7588 
2 7793 8142 
2 7915 8395 
2 8507 8535 
2 8570 8778 
2 8770 9070 
2 8780 9011 
2 9775 9787 
2 9822 111 
2 118 184 
2 192 209 
2 303 1142 
2 596 2170 
2 2206 3476 
2 2556 3082 
2 2769 3530 
2 3879 4891 
2 3984 4732 
2 4577 6853 
2 4890 4972 
2 6187 7059 
2 7427 7789 
2 7639 8144 
2 8117 8311 
2 8786 9749 
2 8877 9380 
2 9415 729 
2 478 482 
2 1614 1728 
2 1831 2520 
2 3044 3189 
2 3777 4175 
2 4285 4376 
2 5067 7086 
2 5107 5557 
2 5279 6128 
2 6141 7098 
2 7561 7856 
2 7578 7883 
2 7942 8038 
2 8114 8961 
2 8224 8405 
2 8361 8417 
2 8975 9264 
2 9218 9571 
2 9421 9931 
2 121 274 
2 230 908 
2 1485 1695 
2 1517 2512 
2 1972 2771 
2 2485 2808 
2 2812 4523 
2 2974 3716 
2 3493 3717 
2 3727 4952 
2 4724 5747 
2 5696 6614 
2 5906 5993 
2 5983 6902 
2 6156 6308 
2 6411 7075 
2 7590 7741 
2 8061 8244 
2 8135 9556 
2 8272 9436 
2 156 1350 
2 781 1496 
2 1625 3685 
2 2039 2098 
2 4232 4470 
2 4699 4899 
2 5483 6177 
2 5504 6682 
2 6559 7077 
2 6720 6833 
2 6937 7045 
2 7187 7483 
2 7606 7847 
2 8002 8462 
2 8009 256 
2 8075 8530 
2 9031 9793 
2 61 311 
2 424 507 
2 574 833 
2 1177 1226 
2 1283 1937 
2 1749 2110 
2 2271 2272 
2 2532 2602 
2 2827 3635 
2 4063 4098 
2 4333 4845 
2 5213 5304 
2 5533 5727 
2 5617 5870 
2 6265 6429 
2 6428 6545 
2 6607 7730 
2 7017 7864 
2 8011 8045 
2 8110 8561 
2 8220 8542 
2 8500 9736 
2 8698 8797 
2 8880 81 
2 9126 428 
2 682 866 
2 795 1006 
2 1171 1326 
2 1501 1513 
2 1634 1753 
2 1696 1917 
2 1804 1984 
2 2231 2298 
2 2447 3023 
2 2657 4297 
2 3053 3059 
2 3108 3690 
2 3307 4427 
2 4440 5158 
2 4588 4876 
2 4913 5023 
2 4966 4980 
2 5260 5262 
2 5377 5382 
2 5783 5938 
2 6026 7248 
2 6971 7404 
2 7068 8494 
2 7337 7533 
2 7550 8556 
2 8159 8635 
2 8868 9301 
2 9357 9686 
2 9457 406 
2 9498 803 
2 538 1166 
2 903 1622 
2 959 1703 
2 1789 2252 
2 3268 3993 
2 3469 5480 
2 4262 4305 
2 5008 5754 
2 5907 6551 
2 6075 6293 
2 6539 6998 
2 7022 7138 
2 7030 7292 
2 7139 7367 
2 7682 7711 
2 7830 7833 
2 7929 8190 
2 8441 8473 
2 8850 8924 
2 9007 9296 
2 9521 9910 
2 9932 182 
2 1275 1762 
2 1307 2583 
2 1932 2357 
2 2310 2393 
2 2673 3266 
2 2900 3361 
2 3205 4591 
2 3534 3846 
2 4770 5472 
2 5585 5910 
2 5632 6021 
2 6098 6237 
2 6257 8555 
2 6412 6617 
2 7067 7584 
2 7453 7514 
2 8592 8968 
2 9823 658 
2 603 668 
2 1149 1191 
2 1824 2138 
2 2645 3286 
2 3154 3416 
2 3705 4060 
2 3854 3963 
2 4019 4048 
2 4283 4453 
2 4793 4893 
2 4830 4923 
2 4843 5693 
2 4851 5010 
2 5281 5900 
2 5926 6848 
2 6393 6519 
2 6533 6799 
2 6859 7102 
2 7129 7688 
2 7281 9042 
2 7523 9577 
2 9044 9698 
2 9548 25 
2 224 275 
2 341 452 
2 698 1190 
2 921 1612 
2 1770 1878 
2 2026 2385 
2 2546 2664 
2 2899 3382 
2 2928 2961 
2 3169 3810 
2 3591 3994 
2 3611 3803 
2 4236 4911 
2 4571 5100 
2 5430 6222 
2 5640 6040 
2 6454 6643 
2 6961 7574 
2 7000 8001 
2 7071 7985 
2 7658 9297 
2 8085 8541 
2 9189 9411 
2 9311 27 
2 9861 238 
2 9914 54 
2 319 468 
2 526 582 
2 659 746 
2 886 972 
2 1302 2153 
2 1775 2656 
2 2280 2662 
2 2709 3454 
2 3523 3619 
2 3696 4009 
2 3719 3990 
2 4691 5809 
2 5538 5838 
2 5828 6119 
2 6031 6185 
2 6195 6334 
2 6290 7852 
2 6509 6592 
2 6862 6923 
2 7782 7890 
2 8000 8231 
2 8334 9146 
2 8554 9059 
2 9101 9229 
2 9204 9270 
2 9554 180 
2 9972 412 
2 999 1134 
2 1316 1777 
2 1667 1873 
2 2038 2980 
2 2525 3156 
2 3413 3754 
2 4209 4821 
2 4525 5386 
2 5549 5635 
2 6199 6516 
2 6283 6391 
2 6491 6772 
2 6850 7504 
2 7011 8109 
2 7261 7488 
2 8034 9024 
2 8118 9825 
2 9720 379 
2 9933 422 
2 573 1087 
2 1237 1725 
2 1308 2010 
2 1880 2154 
2 2758 3645 
2 3383 3843 
2 4034 4252 
2 4132 4520 
2 4174 4556 
2 4581 4987 
2 4705 5257 
2 5014 5227 
2 5697 5778 
2 5859 6163 
2 5949 6792 
2 7222 8098 
2 8318 8546 
2 8344 8508 
2 8757 9336 
2 9150 9400 
2 154 533 
2 360 583 
2 911 1290 
2 986 1374 
2 1401 1664 
2 1915 1964 
2 2431 2733 
2 2706 2858 
2 3201 3628 
2 3340 3643 
2 3546 4062 
2 3788 4438 
2 4976 5049 
2 5029 5108 
2 5153 5342 
2 5406 5466 
2 5527 5539 
2 5619 5820 
2 6631 7005 
2 7042 7822 
